<?xml version="1.0" encoding="UTF-8"?>
<!-- Generated by org.testng.reporters.JUnitXMLReporter -->
<testsuite ignored="2" hostname="Hemanth-Sudhakar" failures="0" tests="0" time="0.001" errors="0" timestamp="2025-09-19T18:19:39 IST">
  <testcase classname="e_CommerceApp.test.ErrorMessageTest" name="errorCartProductValidation" time="0.0">
    <ignored/>
  </testcase> <!-- errorCartProductValidation -->
  <testcase classname="e_CommerceApp.test.ErrorMessageTest" name="errorLoginValidation" time="0.0">
    <ignored/>
  </testcase> <!-- errorLoginValidation -->
</testsuite>
