<?xml version="1.0" encoding="UTF-8"?>
<testng-results ignored="0" total="1" passed="1" failed="0" skipped="0">
  <reporter-output>
  </reporter-output>
  <suite started-at="2025-09-26T15:16:17 IST" name="Default suite" finished-at="2025-09-26T15:16:30 IST" duration-ms="12974">
    <groups>
      <group name="cucumber">
        <method signature="AbstractTestNGCucumberTests.runScenario(io.cucumber.testng.PickleWrapper,io.cucumber.testng.FeatureWrapper)[pri:0, instance:cucumber.TestNgRunner@33c911a1]" name="runScenario" class="io.cucumber.testng.AbstractTestNGCucumberTests"/>
      </group> <!-- cucumber -->
    </groups>
    <test started-at="2025-09-26T15:16:17 IST" name="Default test" finished-at="2025-09-26T15:16:30 IST" duration-ms="12974">
      <class name="cucumber.TestNgRunner">
        <test-method is-config="true" signature="setUpClass(org.testng.ITestContext)[pri:0, instance:cucumber.TestNgRunner@33c911a1]" started-at="2025-09-26T15:16:17 IST" name="setUpClass" finished-at="2025-09-26T15:16:17 IST" duration-ms="657" status="PASS">
          <params>
            <param index="0">
              <value>
                <![CDATA[org.testng.TestRunner@26c89563]]>
              </value>
            </param>
          </params>
          <reporter-output>
          </reporter-output>
        </test-method> <!-- setUpClass -->
        <test-method signature="runScenario(io.cucumber.testng.PickleWrapper,io.cucumber.testng.FeatureWrapper)[pri:0, instance:cucumber.TestNgRunner@33c911a1]" started-at="2025-09-26T15:16:17 IST" name="runScenario" description="Runs Cucumber Scenarios" data-provider="scenarios" finished-at="2025-09-26T15:16:30 IST" duration-ms="12212" status="PASS">
          <params>
            <param index="0">
              <value>
                <![CDATA["Positive test"]]>
              </value>
            </param>
            <param index="1">
              <value>
                <![CDATA["Purchase the product from Ecommerce WebPage"]]>
              </value>
            </param>
          </params>
          <reporter-output>
          </reporter-output>
        </test-method> <!-- runScenario -->
        <test-method is-config="true" signature="tearDownClass()[pri:0, instance:cucumber.TestNgRunner@33c911a1]" started-at="2025-09-26T15:16:30 IST" name="tearDownClass" finished-at="2025-09-26T15:16:30 IST" duration-ms="44" status="PASS">
          <reporter-output>
          </reporter-output>
        </test-method> <!-- tearDownClass -->
      </class> <!-- cucumber.TestNgRunner -->
    </test> <!-- Default test -->
  </suite> <!-- Default suite -->
</testng-results>
